<?xml version="1.0" encoding="UTF-8"?>
<!-- Generated by org.testng.reporters.JUnitReportReporter -->
<testsuite hostname="LENOVO-PC" name="gitTest.GitTest" tests="1" failures="0" timestamp="4 Sep 2019 06:40:00 GMT" time="15.928" errors="0">
  <testcase name="loginTest" time="15.928" classname="gitTest.GitTest"/>
</testsuite> <!-- gitTest.GitTest -->
